<?xml version="1.0" encoding="UTF-8"?>
<!-- Generated by org.testng.reporters.JUnitXMLReporter -->
<testsuite ignored="0" hostname="DESKTOP-RKB0UE6" failures="0" tests="22" name="Default test" time="65.957" errors="0" timestamp="2024-05-20T00:24:37 IST">
  <testcase classname="Assigement2.webtest1" name="loginpage1" time="4.249"/>
  <testcase classname="Assigement2.webtest1" name="navabout" time="13.934"/>
  <testcase classname="Assigement2.webtest1" name="productmenu" time="3.268"/>
  <testcase classname="Assigement2.webtest1" name="paltform_for_test1" time="3.283"/>
  <testcase classname="Assigement2.webtest1" name="paltform_for_tes_sub" time="3.126"/>
  <testcase classname="Assigement2.webtest1" name="paltform_for_sub1" time="0.237"/>
  <testcase classname="Assigement2.webtest1" name="paltform_for_test_subst1" time="3.174"/>
  <testcase classname="Assigement2.webtest1" name="paltform_for_testsub33" time="3.177"/>
  <testcase classname="Assigement2.webtest1" name="paltform_for_test_subst2" time="3.179"/>
  <testcase classname="Assigement2.webtest1" name="paltform_for_testsub4" time="0.206"/>
  <testcase classname="Assigement2.webtest1" name="paltform_for_test_subst5" time="3.147"/>
  <testcase classname="Assigement2.webtest1" name="paltform_for_testsub34" time="0.211"/>
  <testcase classname="Assigement2.webtest1" name="paltform_for_test_subst6" time="3.134"/>
  <testcase classname="Assigement2.webtest1" name="paltform_for_testsub7" time="0.258"/>
  <testcase classname="Assigement2.webtest1" name="paltform_for_test_subst7" time="3.136"/>
  <testcase classname="Assigement2.webtest1" name="paltform_for_testsub8" time="0.191"/>
  <testcase classname="Assigement2.webtest1" name="paltform_for_test_subst9" time="3.126"/>
  <testcase classname="Assigement2.webtest1" name="paltform_for_testsub9" time="0.182"/>
  <testcase classname="Assigement2.webtest1" name="paltform_for_test_subst10" time="3.127"/>
  <testcase classname="Assigement2.webtest1" name="paltform_for_testsub10" time="0.208"/>
  <testcase classname="Assigement2.webtest1" name="paltform_for_test_subsft" time="3.136"/>
  <testcase classname="Assigement2.webtest1" name="paltform_for_testsub11" time="0.59"/>
</testsuite> <!-- Default test -->
